  [1m[35m (0.5ms)[0m  [1m[35mDROP DATABASE IF EXISTS "food_app_development"[0m
  [1m[35m (0.1ms)[0m  [1m[35mDROP DATABASE IF EXISTS "food_app_test"[0m
  [1m[35m (199.6ms)[0m  [1m[35mCREATE DATABASE "food_app_development" ENCODING = 'unicode'[0m
  [1m[35m (105.7ms)[0m  [1m[35mCREATE DATABASE "food_app_test" ENCODING = 'unicode'[0m
Started GET "/" for ::1 at 2021-08-09 13:11:24 -0700
Processing by Rails::WelcomeController#index as HTML
  Rendering /Users/learnacademy/.rvm/gems/ruby-3.0.0/gems/railties-6.1.4/lib/rails/templates/rails/welcome/index.html.erb
  Rendered /Users/learnacademy/.rvm/gems/ruby-3.0.0/gems/railties-6.1.4/lib/rails/templates/rails/welcome/index.html.erb (Duration: 12.9ms | Allocations: 522)
Completed 200 OK in 58ms (Views: 21.4ms | ActiveRecord: 0.0ms | Allocations: 4231)


Started GET "/nachos" for ::1 at 2021-08-09 13:24:20 -0700
Processing by FoodController#nachos as HTML
  Rendering html template
  Rendered html template (Duration: 0.4ms | Allocations: 33)
Completed 200 OK in 7ms (Views: 5.1ms | Allocations: 728)


Started GET "/tacos" for ::1 at 2021-08-09 13:26:24 -0700
Processing by FoodController#tacos as HTML
  Rendering html template
  Rendered html template (Duration: 0.2ms | Allocations: 27)
Completed 200 OK in 3ms (Views: 2.2ms | Allocations: 505)


Started GET "/tacos" for ::1 at 2021-08-09 13:37:13 -0700
Processing by FoodController#tacos as HTML
  Rendering html template
  Rendered html template (Duration: 0.2ms | Allocations: 28)
Completed 200 OK in 4ms (Views: 2.0ms | Allocations: 527)


Started GET "/nachos" for ::1 at 2021-08-09 13:37:17 -0700
Processing by FoodController#nachos as HTML
DEPRECATION WARNING: Rendering actions with '.' in the name is deprecated: food/nachos.html.erb (called from nachos at /Users/learnacademy/Desktop/LEARN/charlie-lecture-examples/food_app/app/controllers/food_controller.rb:3)
  Rendering layout layouts/application.html.erb
  Rendering food/nachos.html.erb within layouts/application
  Rendered food/nachos.html.erb within layouts/application (Duration: 0.6ms | Allocations: 115)
[Webpacker] Compiling...
[Webpacker] Compiled all packs in /Users/learnacademy/Desktop/LEARN/charlie-lecture-examples/food_app/public/packs
[Webpacker] Though the "loose" option was set to "false" in your @babel/preset-env config, it will not be used for @babel/plugin-proposal-private-property-in-object since the "loose" mode option was set to "true" for @babel/plugin-proposal-class-properties.
The "loose" option must be the same for @babel/plugin-proposal-class-properties, @babel/plugin-proposal-private-methods and @babel/plugin-proposal-private-property-in-object (when they are enabled): you can silence this warning by explicitly adding
	["@babel/plugin-proposal-private-property-in-object", { "loose": true }]
to the "plugins" section of your Babel config.
Though the "loose" option was set to "false" in your @babel/preset-env config, it will not be used for @babel/plugin-proposal-private-methods since the "loose" mode option was set to "true" for @babel/plugin-proposal-private-property-in-object.
The "loose" option must be the same for @babel/plugin-proposal-class-properties, @babel/plugin-proposal-private-methods and @babel/plugin-proposal-private-property-in-object (when they are enabled): you can silence this warning by explicitly adding
	["@babel/plugin-proposal-private-methods", { "loose": true }]
to the "plugins" section of your Babel config.
Though the "loose" option was set to "false" in your @babel/preset-env config, it will not be used for @babel/plugin-proposal-private-property-in-object since the "loose" mode option was set to "true" for @babel/plugin-proposal-class-properties.
The "loose" option must be the same for @babel/plugin-proposal-class-properties, @babel/plugin-proposal-private-methods and @babel/plugin-proposal-private-property-in-object (when they are enabled): you can silence this warning by explicitly adding
	["@babel/plugin-proposal-private-property-in-object", { "loose": true }]
to the "plugins" section of your Babel config.
Though the "loose" option was set to "false" in your @babel/preset-env config, it will not be used for @babel/plugin-proposal-private-methods since the "loose" mode option was set to "true" for @babel/plugin-proposal-private-property-in-object.
The "loose" option must be the same for @babel/plugin-proposal-class-properties, @babel/plugin-proposal-private-methods and @babel/plugin-proposal-private-property-in-object (when they are enabled): you can silence this warning by explicitly adding
	["@babel/plugin-proposal-private-methods", { "loose": true }]
to the "plugins" section of your Babel config.
Though the "loose" option was set to "false" in your @babel/preset-env config, it will not be used for @babel/plugin-proposal-private-property-in-object since the "loose" mode option was set to "true" for @babel/plugin-proposal-class-properties.
The "loose" option must be the same for @babel/plugin-proposal-class-properties, @babel/plugin-proposal-private-methods and @babel/plugin-proposal-private-property-in-object (when they are enabled): you can silence this warning by explicitly adding
	["@babel/plugin-proposal-private-property-in-object", { "loose": true }]
to the "plugins" section of your Babel config.
Though the "loose" option was set to "false" in your @babel/preset-env config, it will not be used for @babel/plugin-proposal-private-methods since the "loose" mode option was set to "true" for @babel/plugin-proposal-private-property-in-object.
The "loose" option must be the same for @babel/plugin-proposal-class-properties, @babel/plugin-proposal-private-methods and @babel/plugin-proposal-private-property-in-object (when they are enabled): you can silence this warning by explicitly adding
	["@babel/plugin-proposal-private-methods", { "loose": true }]
to the "plugins" section of your Babel config.
Though the "loose" option was set to "false" in your @babel/preset-env config, it will not be used for @babel/plugin-proposal-private-property-in-object since the "loose" mode option was set to "true" for @babel/plugin-proposal-class-properties.
The "loose" option must be the same for @babel/plugin-proposal-class-properties, @babel/plugin-proposal-private-methods and @babel/plugin-proposal-private-property-in-object (when they are enabled): you can silence this warning by explicitly adding
	["@babel/plugin-proposal-private-property-in-object", { "loose": true }]
to the "plugins" section of your Babel config.
Though the "loose" option was set to "false" in your @babel/preset-env config, it will not be used for @babel/plugin-proposal-private-methods since the "loose" mode option was set to "true" for @babel/plugin-proposal-private-property-in-object.
The "loose" option must be the same for @babel/plugin-proposal-class-properties, @babel/plugin-proposal-private-methods and @babel/plugin-proposal-private-property-in-object (when they are enabled): you can silence this warning by explicitly adding
	["@babel/plugin-proposal-private-methods", { "loose": true }]
to the "plugins" section of your Babel config.
Though the "loose" option was set to "false" in your @babel/preset-env config, it will not be used for @babel/plugin-proposal-private-property-in-object since the "loose" mode option was set to "true" for @babel/plugin-proposal-class-properties.
The "loose" option must be the same for @babel/plugin-proposal-class-properties, @babel/plugin-proposal-private-methods and @babel/plugin-proposal-private-property-in-object (when they are enabled): you can silence this warning by explicitly adding
	["@babel/plugin-proposal-private-property-in-object", { "loose": true }]
to the "plugins" section of your Babel config.
Though the "loose" option was set to "false" in your @babel/preset-env config, it will not be used for @babel/plugin-proposal-private-methods since the "loose" mode option was set to "true" for @babel/plugin-proposal-private-property-in-object.
The "loose" option must be the same for @babel/plugin-proposal-class-properties, @babel/plugin-proposal-private-methods and @babel/plugin-proposal-private-property-in-object (when they are enabled): you can silence this warning by explicitly adding
	["@babel/plugin-proposal-private-methods", { "loose": true }]
to the "plugins" section of your Babel config.
Though the "loose" option was set to "false" in your @babel/preset-env config, it will not be used for @babel/plugin-proposal-private-property-in-object since the "loose" mode option was set to "true" for @babel/plugin-proposal-class-properties.
The "loose" option must be the same for @babel/plugin-proposal-class-properties, @babel/plugin-proposal-private-methods and @babel/plugin-proposal-private-property-in-object (when they are enabled): you can silence this warning by explicitly adding
	["@babel/plugin-proposal-private-property-in-object", { "loose": true }]
to the "plugins" section of your Babel config.
Though the "loose" option was set to "false" in your @babel/preset-env config, it will not be used for @babel/plugin-proposal-private-methods since the "loose" mode option was set to "true" for @babel/plugin-proposal-private-property-in-object.
The "loose" option must be the same for @babel/plugin-proposal-class-properties, @babel/plugin-proposal-private-methods and @babel/plugin-proposal-private-property-in-object (when they are enabled): you can silence this warning by explicitly adding
	["@babel/plugin-proposal-private-methods", { "loose": true }]
to the "plugins" section of your Babel config.

[Webpacker] Hash: e2a8a876c5815bee1e21
Version: webpack 4.46.0
Time: 2060ms
Built at: 08/09/2021 1:37:22 PM
                                     Asset       Size       Chunks                         Chunk Names
    js/application-e421b4aa3f716bebdab1.js    125 KiB  application  [emitted] [immutable]  application
js/application-e421b4aa3f716bebdab1.js.map    139 KiB  application  [emitted] [dev]        application
                             manifest.json  364 bytes               [emitted]              
Entrypoint application = js/application-e421b4aa3f716bebdab1.js js/application-e421b4aa3f716bebdab1.js.map
[./app/javascript/channels sync recursive _channel\.js$] ./app/javascript/channels sync _channel\.js$ 160 bytes {application} [built]
[./app/javascript/channels/index.js] 211 bytes {application} [built]
[./app/javascript/packs/application.js] 492 bytes {application} [built]
[./node_modules/webpack/buildin/module.js] (webpack)/buildin/module.js 552 bytes {application} [built]
    + 3 hidden modules

  Rendered layout layouts/application.html.erb (Duration: 5136.2ms | Allocations: 14637)
Completed 200 OK in 5143ms (Views: 5142.1ms | Allocations: 15810)


Started GET "/nachos" for ::1 at 2021-08-09 13:41:11 -0700
Processing by FoodController#nachos as HTML
DEPRECATION WARNING: Rendering actions with '.' in the name is deprecated: food/nachos.html.erb (called from nachos at /Users/learnacademy/Desktop/LEARN/charlie-lecture-examples/food_app/app/controllers/food_controller.rb:3)
  Rendering layout layouts/application.html.erb
  Rendering food/nachos.html.erb within layouts/application
  Rendered food/nachos.html.erb within layouts/application (Duration: 1.5ms | Allocations: 121)
[Webpacker] Everything's up-to-date. Nothing to do
  Rendered layout layouts/application.html.erb (Duration: 18.7ms | Allocations: 3748)
Completed 200 OK in 24ms (Views: 23.2ms | Allocations: 5152)


Started GET "/nachos" for ::1 at 2021-08-09 13:41:34 -0700
Processing by FoodController#nachos as HTML
  Rendering layout layouts/application.html.erb
  Rendering food/nachos.html.erb within layouts/application
  Rendered food/nachos.html.erb within layouts/application (Duration: 0.1ms | Allocations: 39)
[Webpacker] Everything's up-to-date. Nothing to do
  Rendered layout layouts/application.html.erb (Duration: 8.5ms | Allocations: 3441)
Completed 200 OK in 10ms (Views: 9.4ms | Allocations: 3860)


Started GET "/nachos" for ::1 at 2021-08-09 13:41:54 -0700
Processing by FoodController#nachos as HTML
DEPRECATION WARNING: Rendering actions with '.' in the name is deprecated: food/nachos.html.erb (called from nachos at /Users/learnacademy/Desktop/LEARN/charlie-lecture-examples/food_app/app/controllers/food_controller.rb:3)
  Rendering layout layouts/application.html.erb
  Rendering food/nachos.html.erb within layouts/application
  Rendered food/nachos.html.erb within layouts/application (Duration: 1.8ms | Allocations: 308)
[Webpacker] Everything's up-to-date. Nothing to do
  Rendered layout layouts/application.html.erb (Duration: 26.6ms | Allocations: 6280)
Completed 200 OK in 46ms (Views: 35.3ms | ActiveRecord: 0.0ms | Allocations: 9612)


Started GET "/nachos" for ::1 at 2021-08-09 13:41:57 -0700
Processing by FoodController#nachos as HTML
DEPRECATION WARNING: Rendering actions with '.' in the name is deprecated: food/nachos.html.erb (called from nachos at /Users/learnacademy/Desktop/LEARN/charlie-lecture-examples/food_app/app/controllers/food_controller.rb:3)
  Rendering layout layouts/application.html.erb
  Rendering food/nachos.html.erb within layouts/application
  Rendered food/nachos.html.erb within layouts/application (Duration: 0.9ms | Allocations: 119)
[Webpacker] Everything's up-to-date. Nothing to do
  Rendered layout layouts/application.html.erb (Duration: 12.1ms | Allocations: 3759)
Completed 200 OK in 18ms (Views: 16.6ms | ActiveRecord: 0.0ms | Allocations: 5103)


Started GET "/nachos" for ::1 at 2021-08-09 13:42:25 -0700
Processing by FoodController#nachos as HTML
DEPRECATION WARNING: Rendering actions with '.' in the name is deprecated: food/nachos.html.erb (called from nachos at /Users/learnacademy/Desktop/LEARN/charlie-lecture-examples/food_app/app/controllers/food_controller.rb:4)
  Rendering layout layouts/application.html.erb
  Rendering food/nachos.html.erb within layouts/application
  Rendered food/nachos.html.erb within layouts/application (Duration: 0.5ms | Allocations: 119)
[Webpacker] Everything's up-to-date. Nothing to do
  Rendered layout layouts/application.html.erb (Duration: 11.1ms | Allocations: 3739)
Completed 200 OK in 15ms (Views: 14.6ms | ActiveRecord: 0.0ms | Allocations: 5110)


Started GET "/nachos" for ::1 at 2021-08-09 13:42:32 -0700
Processing by FoodController#nachos as HTML
  Rendering layout layouts/application.html.erb
  Rendering food/nachos.html.erb within layouts/application
  Rendered food/nachos.html.erb within layouts/application (Duration: 0.1ms | Allocations: 41)
[Webpacker] Everything's up-to-date. Nothing to do
  Rendered layout layouts/application.html.erb (Duration: 10.1ms | Allocations: 3510)
Completed 200 OK in 12ms (Views: 11.4ms | ActiveRecord: 0.0ms | Allocations: 4117)


Started GET "/nachos" for ::1 at 2021-08-09 13:42:39 -0700
Processing by FoodController#nachos as HTML
  Rendering layout layouts/application.html.erb
  Rendering food/nachos.html.erb within layouts/application
  Rendered food/nachos.html.erb within layouts/application (Duration: 0.2ms | Allocations: 42)
[Webpacker] Everything's up-to-date. Nothing to do
  Rendered layout layouts/application.html.erb (Duration: 6.9ms | Allocations: 3510)
Completed 200 OK in 9ms (Views: 7.9ms | ActiveRecord: 0.0ms | Allocations: 4116)


Started GET "/" for ::1 at 2021-08-09 13:44:32 -0700
Processing by Rails::WelcomeController#index as HTML
  Rendering /Users/learnacademy/.rvm/gems/ruby-3.0.0/gems/railties-6.1.4/lib/rails/templates/rails/welcome/index.html.erb
  Rendered /Users/learnacademy/.rvm/gems/ruby-3.0.0/gems/railties-6.1.4/lib/rails/templates/rails/welcome/index.html.erb (Duration: 7.8ms | Allocations: 224)
Completed 200 OK in 11ms (Views: 9.1ms | ActiveRecord: 0.0ms | Allocations: 1098)


Started GET "/" for ::1 at 2021-08-09 13:47:48 -0700
Processing by FoodController#home as HTML
DEPRECATION WARNING: Rendering actions with '.' in the name is deprecated: food/home.html.erb (called from home at /Users/learnacademy/Desktop/LEARN/charlie-lecture-examples/food_app/app/controllers/food_controller.rb:10)
  Rendering layout layouts/application.html.erb
  Rendering food/home.html.erb within layouts/application
  Rendered food/home.html.erb within layouts/application (Duration: 1.5ms | Allocations: 170)
[Webpacker] Everything's up-to-date. Nothing to do
  Rendered layout layouts/application.html.erb (Duration: 18.3ms | Allocations: 3795)
Completed 200 OK in 25ms (Views: 24.3ms | ActiveRecord: 0.0ms | Allocations: 5166)


Started GET "/" for ::1 at 2021-08-09 13:48:18 -0700
Processing by FoodController#home as HTML
DEPRECATION WARNING: Rendering actions with '.' in the name is deprecated: food/home.html.erb (called from home at /Users/learnacademy/Desktop/LEARN/charlie-lecture-examples/food_app/app/controllers/food_controller.rb:10)
  Rendering layout layouts/application.html.erb
  Rendering food/home.html.erb within layouts/application
  Rendered food/home.html.erb within layouts/application (Duration: 1.1ms | Allocations: 171)
[Webpacker] Everything's up-to-date. Nothing to do
  Rendered layout layouts/application.html.erb (Duration: 16.3ms | Allocations: 3809)
Completed 200 OK in 24ms (Views: 22.8ms | ActiveRecord: 0.0ms | Allocations: 5149)


Started GET "/tacos" for ::1 at 2021-08-09 13:48:22 -0700
Processing by FoodController#tacos as HTML
  Rendering html template
  Rendered html template (Duration: 0.2ms | Allocations: 31)
Completed 200 OK in 23ms (Views: 21.7ms | ActiveRecord: 0.0ms | Allocations: 2147)


Started GET "/tacos" for ::1 at 2021-08-09 13:48:22 -0700
Processing by FoodController#tacos as HTML
  Rendering html template
  Rendered html template (Duration: 0.1ms | Allocations: 27)
Completed 200 OK in 2ms (Views: 1.0ms | ActiveRecord: 0.0ms | Allocations: 376)


Started GET "/nachos" for ::1 at 2021-08-09 13:48:26 -0700
Processing by FoodController#nachos as HTML
DEPRECATION WARNING: Rendering actions with '.' in the name is deprecated: food/nachos.html.erb (called from nachos at /Users/learnacademy/Desktop/LEARN/charlie-lecture-examples/food_app/app/controllers/food_controller.rb:4)
  Rendering layout layouts/application.html.erb
  Rendering food/nachos.html.erb within layouts/application
  Rendered food/nachos.html.erb within layouts/application (Duration: 1.7ms | Allocations: 115)
[Webpacker] Everything's up-to-date. Nothing to do
  Rendered layout layouts/application.html.erb (Duration: 32.5ms | Allocations: 3517)
Completed 200 OK in 38ms (Views: 37.0ms | ActiveRecord: 0.0ms | Allocations: 4221)


Started GET "/" for ::1 at 2021-08-09 13:48:27 -0700
Processing by FoodController#home as HTML
  Rendering layout layouts/application.html.erb
  Rendering food/home.html.erb within layouts/application
  Rendered food/home.html.erb within layouts/application (Duration: 0.3ms | Allocations: 60)
[Webpacker] Everything's up-to-date. Nothing to do
  Rendered layout layouts/application.html.erb (Duration: 16.2ms | Allocations: 3469)
Completed 200 OK in 18ms (Views: 17.2ms | ActiveRecord: 0.0ms | Allocations: 3889)


Started GET "/nachos" for ::1 at 2021-08-09 13:48:28 -0700
Processing by FoodController#nachos as HTML
  Rendering layout layouts/application.html.erb
  Rendering food/nachos.html.erb within layouts/application
  Rendered food/nachos.html.erb within layouts/application (Duration: 0.2ms | Allocations: 40)
[Webpacker] Everything's up-to-date. Nothing to do
  Rendered layout layouts/application.html.erb (Duration: 15.4ms | Allocations: 3442)
Completed 200 OK in 18ms (Views: 16.6ms | ActiveRecord: 0.0ms | Allocations: 3866)


Started GET "/tacos" for ::1 at 2021-08-09 13:49:53 -0700
Processing by FoodController#tacos as HTML
DEPRECATION WARNING: Rendering actions with '.' in the name is deprecated: food/tacos.html.erb (called from tacos at /Users/learnacademy/Desktop/LEARN/charlie-lecture-examples/food_app/app/controllers/food_controller.rb:7)
  Rendering layout layouts/application.html.erb
  Rendering food/tacos.html.erb within layouts/application
  Rendered food/tacos.html.erb within layouts/application (Duration: 0.6ms | Allocations: 114)
[Webpacker] Everything's up-to-date. Nothing to do
  Rendered layout layouts/application.html.erb (Duration: 15.2ms | Allocations: 3732)
Completed 200 OK in 22ms (Views: 21.5ms | ActiveRecord: 0.0ms | Allocations: 5101)


Started GET "/tacos" for ::1 at 2021-08-09 13:50:33 -0700
Processing by FoodController#tacos as HTML
DEPRECATION WARNING: Rendering actions with '.' in the name is deprecated: food/tacos.html.erb (called from tacos at /Users/learnacademy/Desktop/LEARN/charlie-lecture-examples/food_app/app/controllers/food_controller.rb:7)
  Rendering layout layouts/application.html.erb
  Rendering food/tacos.html.erb within layouts/application
  Rendered food/tacos.html.erb within layouts/application (Duration: 0.8ms | Allocations: 145)
[Webpacker] Everything's up-to-date. Nothing to do
  Rendered layout layouts/application.html.erb (Duration: 10.1ms | Allocations: 3789)
Completed 200 OK in 16ms (Views: 15.0ms | ActiveRecord: 0.0ms | Allocations: 5130)


Started GET "/tacos" for ::1 at 2021-08-09 13:50:34 -0700
Processing by FoodController#tacos as HTML
  Rendering layout layouts/application.html.erb
  Rendering food/tacos.html.erb within layouts/application
  Rendered food/tacos.html.erb within layouts/application (Duration: 0.1ms | Allocations: 50)
[Webpacker] Everything's up-to-date. Nothing to do
  Rendered layout layouts/application.html.erb (Duration: 6.6ms | Allocations: 3451)
Completed 200 OK in 8ms (Views: 7.3ms | ActiveRecord: 0.0ms | Allocations: 3870)


Started GET "/tacos" for ::1 at 2021-08-09 13:50:39 -0700
Processing by FoodController#tacos as HTML
DEPRECATION WARNING: Rendering actions with '.' in the name is deprecated: food/tacos.html.erb (called from tacos at /Users/learnacademy/Desktop/LEARN/charlie-lecture-examples/food_app/app/controllers/food_controller.rb:7)
  Rendering layout layouts/application.html.erb
  Rendering food/tacos.html.erb within layouts/application
  Rendered food/tacos.html.erb within layouts/application (Duration: 0.6ms | Allocations: 145)
[Webpacker] Everything's up-to-date. Nothing to do
  Rendered layout layouts/application.html.erb (Duration: 9.0ms | Allocations: 3791)
Completed 200 OK in 12ms (Views: 11.8ms | ActiveRecord: 0.0ms | Allocations: 5134)


Started GET "/home" for ::1 at 2021-08-09 13:50:43 -0700
  
ActionController::RoutingError (No route matches [GET] "/home"):
  
Started GET "/" for ::1 at 2021-08-09 13:51:18 -0700
Processing by FoodController#home as HTML
DEPRECATION WARNING: Rendering actions with '.' in the name is deprecated: food/home.html.erb (called from home at /Users/learnacademy/Desktop/LEARN/charlie-lecture-examples/food_app/app/controllers/food_controller.rb:10)
  Rendering layout layouts/application.html.erb
  Rendering food/home.html.erb within layouts/application
  Rendered food/home.html.erb within layouts/application (Duration: 1.5ms | Allocations: 170)
[Webpacker] Everything's up-to-date. Nothing to do
  Rendered layout layouts/application.html.erb (Duration: 14.1ms | Allocations: 3806)
Completed 200 OK in 21ms (Views: 20.6ms | ActiveRecord: 0.0ms | Allocations: 5140)


Started GET "/" for ::1 at 2021-08-09 13:59:12 -0700
Processing by FoodController#home as HTML
DEPRECATION WARNING: Rendering actions with '.' in the name is deprecated: food/home.html.erb (called from home at /Users/learnacademy/Desktop/LEARN/charlie-lecture-examples/food_app/app/controllers/food_controller.rb:10)
  Rendering layout layouts/application.html.erb
  Rendering food/home.html.erb within layouts/application
  Rendered food/home.html.erb within layouts/application (Duration: 1.1ms | Allocations: 204)
[Webpacker] Everything's up-to-date. Nothing to do
  Rendered layout layouts/application.html.erb (Duration: 12.9ms | Allocations: 3829)
Completed 200 OK in 20ms (Views: 19.1ms | Allocations: 5197)


Started GET "/burritos" for ::1 at 2021-08-09 13:59:13 -0700
Processing by FoodController#burritos as HTML
DEPRECATION WARNING: Rendering actions with '.' in the name is deprecated: food/burritos.html.erb (called from burritos at /Users/learnacademy/Desktop/LEARN/charlie-lecture-examples/food_app/app/controllers/food_controller.rb:14)
  Rendering layout layouts/application.html.erb
  Rendering food/burritos.html.erb within layouts/application
  Rendered food/burritos.html.erb within layouts/application (Duration: 0.8ms | Allocations: 174)
[Webpacker] Everything's up-to-date. Nothing to do
  Rendered layout layouts/application.html.erb (Duration: 12.4ms | Allocations: 4186)
Completed 200 OK in 16ms (Views: 15.0ms | Allocations: 4893)


Started GET "/burritos" for ::1 at 2021-08-09 14:02:50 -0700
Processing by FoodController#burritos as HTML
DEPRECATION WARNING: Rendering actions with '.' in the name is deprecated: food/burritos.html.erb (called from burritos at /Users/learnacademy/Desktop/LEARN/charlie-lecture-examples/food_app/app/controllers/food_controller.rb:14)
  Rendering layout layouts/application.html.erb
  Rendering food/burritos.html.erb within layouts/application
  Rendered food/burritos.html.erb within layouts/application (Duration: 1.1ms | Allocations: 1126)
  Rendered layout layouts/application.html.erb (Duration: 1.4ms | Allocations: 1196)
Completed 500 Internal Server Error in 7ms (Allocations: 2513)


  
ActionView::SyntaxErrorInTemplate (Encountered a syntax error while rendering template: check <p> I got you some burritos which ones would you like </p>

    <ul>

        <%= @burrito_choices.each do |value|%>
            <li> <%= value %> </li>
        <%= end %>
    </ul>
):
1:    <p> I got you some burritos which ones would you like </p>
2:    
3:        <ul>
4:    
5:            <%= @burrito_choices.each do |value|%>
6:                <li> <%= value %> </li>
7:            <%= end %>
8:        </ul>
  
app/views/food/burritos.html.erb:7: syntax error, unexpected `end'
app/views/food/burritos.html.erb:10: syntax error, unexpected `end', expecting ')'
app/views/food/burritos.html.erb:7: syntax error, unexpected `end'
app/views/food/burritos.html.erb:10: syntax error, unexpected `end', expecting ')'
app/views/food/burritos.html.erb:7: syntax error, unexpected `end'
app/views/food/burritos.html.erb:10: syntax error, unexpected `end', expecting ')'
app/views/food/burritos.html.erb:7: syntax error, unexpected `end'
app/views/food/burritos.html.erb:10: syntax error, unexpected `end', expecting ')'
app/views/food/burritos.html.erb:7: syntax error, unexpected `end'
app/views/food/burritos.html.erb:10: syntax error, unexpected `end', expecting ')'
app/views/food/burritos.html.erb:7: syntax error, unexpected `end'
app/views/food/burritos.html.erb:10: syntax error, unexpected `end', expecting ')'
app/controllers/food_controller.rb:14:in `burritos'
Started GET "/burritos" for ::1 at 2021-08-09 14:03:01 -0700
Processing by FoodController#burritos as HTML
DEPRECATION WARNING: Rendering actions with '.' in the name is deprecated: food/burritos.html.erb (called from burritos at /Users/learnacademy/Desktop/LEARN/charlie-lecture-examples/food_app/app/controllers/food_controller.rb:14)
  Rendering layout layouts/application.html.erb
  Rendering food/burritos.html.erb within layouts/application
  Rendered food/burritos.html.erb within layouts/application (Duration: 0.7ms | Allocations: 168)
[Webpacker] Everything's up-to-date. Nothing to do
  Rendered layout layouts/application.html.erb (Duration: 19.5ms | Allocations: 4033)
Completed 200 OK in 25ms (Views: 24.4ms | Allocations: 5378)


Started GET "/burritos" for ::1 at 2021-08-09 14:03:09 -0700
Processing by FoodController#burritos as HTML
DEPRECATION WARNING: Rendering actions with '.' in the name is deprecated: food/burritos.html.erb (called from burritos at /Users/learnacademy/Desktop/LEARN/charlie-lecture-examples/food_app/app/controllers/food_controller.rb:14)
  Rendering layout layouts/application.html.erb
  Rendering food/burritos.html.erb within layouts/application
  Rendered food/burritos.html.erb within layouts/application (Duration: 0.6ms | Allocations: 173)
[Webpacker] Everything's up-to-date. Nothing to do
  Rendered layout layouts/application.html.erb (Duration: 12.8ms | Allocations: 3812)
Completed 200 OK in 19ms (Views: 18.2ms | Allocations: 5149)


Started GET "/burritos" for ::1 at 2021-08-09 14:04:57 -0700
Processing by FoodController#burritos as HTML
DEPRECATION WARNING: Rendering actions with '.' in the name is deprecated: food/burritos.html.erb (called from burritos at /Users/learnacademy/Desktop/LEARN/charlie-lecture-examples/food_app/app/controllers/food_controller.rb:14)
  Rendering layout layouts/application.html.erb
  Rendering food/burritos.html.erb within layouts/application
  Rendered food/burritos.html.erb within layouts/application (Duration: 0.9ms | Allocations: 205)
[Webpacker] Everything's up-to-date. Nothing to do
  Rendered layout layouts/application.html.erb (Duration: 13.8ms | Allocations: 3841)
Completed 200 OK in 20ms (Views: 19.6ms | Allocations: 5178)


  [1m[35m (5.2ms)[0m  [1m[35mCREATE DATABASE "food_app_development" ENCODING = 'unicode'[0m
  [1m[35m (2.3ms)[0m  [1m[35mCREATE DATABASE "food_app_test" ENCODING = 'unicode'[0m
Started GET "/" for ::1 at 2021-08-10 09:20:57 -0700
Processing by FoodController#home as HTML
DEPRECATION WARNING: Rendering actions with '.' in the name is deprecated: food/home.html.erb (called from home at /Users/sarahproctor/Desktop/learn/charlie-lecture-examples/food_app/app/controllers/food_controller.rb:10)
  Rendering layout layouts/application.html.erb
  Rendering food/home.html.erb within layouts/application
  Rendered food/home.html.erb within layouts/application (Duration: 5.1ms | Allocations: 518)
[Webpacker] Everything's up-to-date. Nothing to do
  Rendered layout layouts/application.html.erb (Duration: 438.0ms | Allocations: 17649)
Completed 200 OK in 736ms (Views: 653.5ms | ActiveRecord: 0.0ms | Allocations: 22019)


Started GET "/nachos" for ::1 at 2021-08-10 09:23:05 -0700
Processing by FoodController#nachos as HTML
DEPRECATION WARNING: Rendering actions with '.' in the name is deprecated: food/nachos.html.erb (called from nachos at /Users/sarahproctor/Desktop/learn/charlie-lecture-examples/food_app/app/controllers/food_controller.rb:4)
  Rendering layout layouts/application.html.erb
  Rendering food/nachos.html.erb within layouts/application
  Rendered food/nachos.html.erb within layouts/application (Duration: 4.9ms | Allocations: 149)
[Webpacker] Everything's up-to-date. Nothing to do
  Rendered layout layouts/application.html.erb (Duration: 52.4ms | Allocations: 4193)
Completed 200 OK in 65ms (Views: 63.9ms | ActiveRecord: 0.0ms | Allocations: 4915)


Started GET "/jlkejfgklfjklwf" for ::1 at 2021-08-10 09:32:14 -0700
  
ActionController::RoutingError (No route matches [GET] "/jlkejfgklfjklwf"):
  
Started GET "/banana" for ::1 at 2021-08-10 09:33:14 -0700
  
ActionController::RoutingError (No route matches [GET] "/banana"):
  
Started GET "/banana" for ::1 at 2021-08-10 09:33:22 -0700
  
ActionController::RoutingError (No route matches [GET] "/banana"):
  
Started GET "/banana" for ::1 at 2021-08-10 09:33:37 -0700
  
ActionController::RoutingError (No route matches [GET] "/banana"):
  
Started GET "/banana" for ::1 at 2021-08-10 09:33:49 -0700
Processing by FoodController#nachos as HTML
DEPRECATION WARNING: Rendering actions with '.' in the name is deprecated: food/nachos.html.erb (called from nachos at /Users/sarahproctor/Desktop/learn/charlie-lecture-examples/food_app/app/controllers/food_controller.rb:4)
  Rendering layout layouts/application.html.erb
  Rendering food/nachos.html.erb within layouts/application
  Rendered food/nachos.html.erb within layouts/application (Duration: 6.8ms | Allocations: 161)
[Webpacker] Everything's up-to-date. Nothing to do
  Rendered layout layouts/application.html.erb (Duration: 59.2ms | Allocations: 6093)
Completed 200 OK in 95ms (Views: 88.5ms | ActiveRecord: 0.0ms | Allocations: 8571)


Started GET "/nachos" for ::1 at 2021-08-10 09:35:03 -0700
Processing by FoodController#nachos as HTML
  Rendering layout layouts/application.html.erb
  Rendering food/nachos.html.erb within layouts/application
  Rendered food/nachos.html.erb within layouts/application (Duration: 0.6ms | Allocations: 60)
[Webpacker] Everything's up-to-date. Nothing to do
  Rendered layout layouts/application.html.erb (Duration: 204.3ms | Allocations: 3509)
Completed 200 OK in 207ms (Views: 205.5ms | ActiveRecord: 0.0ms | Allocations: 4119)


Started GET "/nachos" for ::1 at 2021-08-10 09:44:03 -0700
Processing by FoodController#nachos as HTML
DEPRECATION WARNING: Rendering actions with '.' in the name is deprecated: food/nachos.html.erb (called from nachos at /Users/sarahproctor/Desktop/learn/charlie-lecture-examples/food_app/app/controllers/food_controller.rb:4)
  Rendering layout layouts/application.html.erb
  Rendering food/nachos.html.erb within layouts/application
  Rendered food/nachos.html.erb within layouts/application (Duration: 1.5ms | Allocations: 363)
[Webpacker] Everything's up-to-date. Nothing to do
  Rendered layout layouts/application.html.erb (Duration: 229.0ms | Allocations: 6640)
Completed 200 OK in 260ms (Views: 239.0ms | ActiveRecord: 0.0ms | Allocations: 9976)


Started GET "/pasta" for ::1 at 2021-08-10 09:44:11 -0700
Processing by ItalianController#pasta as HTML
  Rendering layout layouts/application.html.erb
  Rendering italian/pasta.html.erb within layouts/application
  Rendered italian/pasta.html.erb within layouts/application (Duration: 1.3ms | Allocations: 126)
[Webpacker] Everything's up-to-date. Nothing to do
  Rendered layout layouts/application.html.erb (Duration: 158.9ms | Allocations: 3579)
Completed 200 OK in 182ms (Views: 178.6ms | ActiveRecord: 0.0ms | Allocations: 4610)


Started GET "/pasta" for ::1 at 2021-08-10 09:47:27 -0700
Processing by ItalianController#pasta as HTML
  Rendering layout layouts/application.html.erb
  Rendering italian/pasta.html.erb within layouts/application
  Rendered italian/pasta.html.erb within layouts/application (Duration: 0.2ms | Allocations: 41)
[Webpacker] Everything's up-to-date. Nothing to do
  Rendered layout layouts/application.html.erb (Duration: 206.8ms | Allocations: 3500)
Completed 200 OK in 210ms (Views: 208.7ms | ActiveRecord: 0.0ms | Allocations: 4155)


Started GET "/pasta?pasta_order=ravioli" for ::1 at 2021-08-10 09:49:39 -0700
Processing by ItalianController#pasta as HTML
  Parameters: {"pasta_order"=>"ravioli"}
  Rendering layout layouts/application.html.erb
  Rendering italian/pasta.html.erb within layouts/application
  Rendered italian/pasta.html.erb within layouts/application (Duration: 0.2ms | Allocations: 40)
[Webpacker] Everything's up-to-date. Nothing to do
  Rendered layout layouts/application.html.erb (Duration: 33.4ms | Allocations: 3465)
Completed 200 OK in 37ms (Views: 35.4ms | ActiveRecord: 0.0ms | Allocations: 3921)


Started GET "/pasta?pasta_order=spaghetti" for ::1 at 2021-08-10 09:52:02 -0700
Processing by ItalianController#pasta as HTML
  Parameters: {"pasta_order"=>"spaghetti"}
  Rendering layout layouts/application.html.erb
  Rendering italian/pasta.html.erb within layouts/application
  Rendered italian/pasta.html.erb within layouts/application (Duration: 0.3ms | Allocations: 42)
[Webpacker] Everything's up-to-date. Nothing to do
  Rendered layout layouts/application.html.erb (Duration: 12.2ms | Allocations: 3499)
Completed 200 OK in 17ms (Views: 15.2ms | ActiveRecord: 0.0ms | Allocations: 4138)


Started GET "/pasta" for ::1 at 2021-08-10 09:53:11 -0700
Processing by ItalianController#pasta as HTML
  Rendering layout layouts/application.html.erb
  Rendering italian/pasta.html.erb within layouts/application
  Rendered italian/pasta.html.erb within layouts/application (Duration: 0.2ms | Allocations: 39)
[Webpacker] Everything's up-to-date. Nothing to do
  Rendered layout layouts/application.html.erb (Duration: 18.5ms | Allocations: 3462)
Completed 200 OK in 23ms (Views: 21.4ms | ActiveRecord: 0.0ms | Allocations: 3915)


Started GET "/pasta" for ::1 at 2021-08-10 09:54:26 -0700
  
ActionController::RoutingError (No route matches [GET] "/pasta"):
  
Started GET "/pasta/ravioli" for ::1 at 2021-08-10 09:55:17 -0700
Processing by ItalianController#pasta as HTML
  Parameters: {"pasta_order"=>"ravioli"}
  Rendering layout layouts/application.html.erb
  Rendering italian/pasta.html.erb within layouts/application
  Rendered italian/pasta.html.erb within layouts/application (Duration: 0.2ms | Allocations: 42)
[Webpacker] Everything's up-to-date. Nothing to do
  Rendered layout layouts/application.html.erb (Duration: 62.8ms | Allocations: 3508)
Completed 200 OK in 74ms (Views: 69.0ms | ActiveRecord: 0.0ms | Allocations: 4154)


Started GET "/breadsticks" for ::1 at 2021-08-10 09:59:41 -0700
Processing by ItalianController#breadsticks as HTML
  Rendering layout layouts/application.html.erb
  Rendering italian/breadsticks.html.erb within layouts/application
  Rendered italian/breadsticks.html.erb within layouts/application (Duration: 0.7ms | Allocations: 136)
[Webpacker] Everything's up-to-date. Nothing to do
  Rendered layout layouts/application.html.erb (Duration: 10.6ms | Allocations: 3758)
Completed 200 OK in 18ms (Views: 15.8ms | ActiveRecord: 0.0ms | Allocations: 5000)


Started GET "/breadsticks" for ::1 at 2021-08-10 10:01:09 -0700
  
ActionController::RoutingError (No route matches [GET] "/breadsticks"):
  
Started GET "/breadsticks/3" for ::1 at 2021-08-10 10:01:37 -0700
Processing by ItalianController#breadsticks as HTML
  Parameters: {"number"=>"3"}
  Rendering layout layouts/application.html.erb
  Rendering italian/breadsticks.html.erb within layouts/application
  Rendered italian/breadsticks.html.erb within layouts/application (Duration: 3.1ms | Allocations: 42)
[Webpacker] Everything's up-to-date. Nothing to do
  Rendered layout layouts/application.html.erb (Duration: 34.5ms | Allocations: 3503)
Completed 200 OK in 38ms (Views: 36.6ms | ActiveRecord: 0.0ms | Allocations: 4144)


Started GET "/breadsticks/3" for ::1 at 2021-08-10 10:05:08 -0700
Processing by ItalianController#breadsticks as HTML
  Parameters: {"number"=>"3"}
Completed 500 Internal Server Error in 1ms (ActiveRecord: 0.0ms | Allocations: 579)


  
ArgumentError (comparison of String with 10 failed):
  
app/controllers/italian_controller.rb:8:in `>='
app/controllers/italian_controller.rb:8:in `breadsticks'
Started GET "/breadsticks/3" for ::1 at 2021-08-10 10:05:50 -0700
Processing by ItalianController#breadsticks as HTML
  Parameters: {"number"=>"3"}
  Rendering layout layouts/application.html.erb
  Rendering italian/breadsticks.html.erb within layouts/application
  Rendered italian/breadsticks.html.erb within layouts/application (Duration: 0.2ms | Allocations: 42)
[Webpacker] Everything's up-to-date. Nothing to do
  Rendered layout layouts/application.html.erb (Duration: 14.2ms | Allocations: 3503)
Completed 200 OK in 16ms (Views: 15.4ms | ActiveRecord: 0.0ms | Allocations: 4143)


Started GET "/breadsticks/12" for ::1 at 2021-08-10 10:05:56 -0700
Processing by ItalianController#breadsticks as HTML
  Parameters: {"number"=>"12"}
  Rendering layout layouts/application.html.erb
  Rendering italian/breadsticks.html.erb within layouts/application
  Rendered italian/breadsticks.html.erb within layouts/application (Duration: 0.1ms | Allocations: 40)
[Webpacker] Everything's up-to-date. Nothing to do
  Rendered layout layouts/application.html.erb (Duration: 29.5ms | Allocations: 3463)
Completed 200 OK in 33ms (Views: 31.3ms | ActiveRecord: 0.0ms | Allocations: 3915)


Started GET "/breadsticks/12" for ::1 at 2021-08-10 10:06:05 -0700
Processing by ItalianController#breadsticks as HTML
  Parameters: {"number"=>"12"}
  Rendering layout layouts/application.html.erb
  Rendering italian/breadsticks.html.erb within layouts/application
  Rendered italian/breadsticks.html.erb within layouts/application (Duration: 10.7ms | Allocations: 42)
[Webpacker] Everything's up-to-date. Nothing to do
  Rendered layout layouts/application.html.erb (Duration: 205.0ms | Allocations: 3493)
Completed 200 OK in 208ms (Views: 206.7ms | ActiveRecord: 0.0ms | Allocations: 4132)


Started GET "/dessert" for ::1 at 2021-08-10 10:23:25 -0700
Processing by ItalianController#dessert as HTML
  Rendering layout layouts/application.html.erb
  Rendering italian/dessert.html.erb within layouts/application
  Rendered italian/dessert.html.erb within layouts/application (Duration: 0.5ms | Allocations: 147)
[Webpacker] Everything's up-to-date. Nothing to do
  Rendered layout layouts/application.html.erb (Duration: 220.0ms | Allocations: 3779)
Completed 200 OK in 227ms (Views: 225.0ms | Allocations: 5020)


Started GET "/dessert" for ::1 at 2021-08-10 10:24:21 -0700
Processing by ItalianController#dessert as HTML
  Rendering layout layouts/application.html.erb
  Rendering italian/dessert.html.erb within layouts/application
  Rendered italian/dessert.html.erb within layouts/application (Duration: 0.1ms | Allocations: 41)
[Webpacker] Everything's up-to-date. Nothing to do
  Rendered layout layouts/application.html.erb (Duration: 30.1ms | Allocations: 3492)
Completed 200 OK in 36ms (Views: 32.8ms | Allocations: 4134)


Started GET "/dessert" for ::1 at 2021-08-10 10:25:08 -0700
  
ActionController::RoutingError (No route matches [GET] "/dessert"):
  
Started GET "/dessert/tiramisu/espresso" for ::1 at 2021-08-10 10:25:46 -0700
Processing by ItalianController#dessert as HTML
  Parameters: {"selection"=>"tiramisu", "beverage"=>"espresso"}
  Rendering layout layouts/application.html.erb
  Rendering italian/dessert.html.erb within layouts/application
  Rendered italian/dessert.html.erb within layouts/application (Duration: 0.4ms | Allocations: 43)
[Webpacker] Everything's up-to-date. Nothing to do
  Rendered layout layouts/application.html.erb (Duration: 54.3ms | Allocations: 3504)
Completed 200 OK in 61ms (Views: 57.0ms | Allocations: 4142)


  [1m[35m (475.5ms)[0m  [1m[35mDROP DATABASE IF EXISTS "food_app_development"[0m
  [1m[35m (124.1ms)[0m  [1m[35mDROP DATABASE IF EXISTS "food_app_test"[0m
  [1m[35m (206.6ms)[0m  [1m[35mCREATE DATABASE "food_app_development" ENCODING = 'unicode'[0m
  [1m[35m (115.4ms)[0m  [1m[35mCREATE DATABASE "food_app_test" ENCODING = 'unicode'[0m
